[0m2021.07.18 22:04:35 INFO  Started: Metals version 0.10.5 in workspace 'F:\UCSC\LECTURES\2 year\SCS2204 Functional Programming\Recurtion assiment\q-06' for client Visual Studio Code 1.58.2.[0m
[0m2021.07.18 22:04:37 INFO  time: initialize in 1.18s[0m
[0m2021.07.18 22:04:41 WARN  Build server is not auto-connectable.[0m
[0m2021.07.18 22:04:41 WARN  no build target for: F:\UCSC\LECTURES\2 year\SCS2204 Functional Programming\Recurtion assiment\q-06\src\main\scala\Main.scala[0m
[0m2021.07.18 22:04:47 INFO  no build target: using presentation compiler with only scala-library: 2.12.14[0m
[0m2021.07.18 22:04:50 INFO  time: code lens generation in 9.3s[0m
[0m2021.07.18 22:05:34 WARN  no build target for: F:\UCSC\LECTURES\2 year\SCS2204 Functional Programming\Recurtion assiment\q-06\src\main\scala\Main.scala[0m
[0m2021.07.18 22:06:02 INFO  shutting down Metals[0m
[0m2021.07.18 22:06:03 ERROR Unexpected error initializing server
org.eclipse.lsp4j.jsonrpc.ResponseErrorException: Request window/showMessageRequest failed with message: Canceled
	at org.eclipse.lsp4j.jsonrpc.RemoteEndpoint.handleResponse(RemoteEndpoint.java:209)
	at org.eclipse.lsp4j.jsonrpc.RemoteEndpoint.consume(RemoteEndpoint.java:193)
	at org.eclipse.lsp4j.jsonrpc.json.StreamMessageProducer.handleMessage(StreamMessageProducer.java:194)
	at org.eclipse.lsp4j.jsonrpc.json.StreamMessageProducer.listen(StreamMessageProducer.java:94)
	at org.eclipse.lsp4j.jsonrpc.json.ConcurrentMessageProcessor.run(ConcurrentMessageProcessor.java:113)
	at java.util.concurrent.Executors$RunnableAdapter.call(Executors.java:511)
	at java.util.concurrent.FutureTask.run(FutureTask.java:266)
	at java.util.concurrent.ThreadPoolExecutor.runWorker(ThreadPoolExecutor.java:1149)
	at java.util.concurrent.ThreadPoolExecutor$Worker.run(ThreadPoolExecutor.java:624)
	at java.lang.Thread.run(Thread.java:748)
[0m
