[0m2021.07.18 22:00:59 INFO  Started: Metals version 0.10.5 in workspace 'F:\UCSC\LECTURES\2 year\SCS2204 Functional Programming\Recurtion assiment\q-05' for client Visual Studio Code 1.58.2.[0m
[0m2021.07.18 22:00:59 INFO  time: initialize in 0.72s[0m
[0m2021.07.18 22:01:01 WARN  Build server is not auto-connectable.[0m
[0m2021.07.18 22:02:16 WARN  no build target for: F:\UCSC\LECTURES\2 year\SCS2204 Functional Programming\Recurtion assiment\q-05\src\main\scala\Main.scala[0m
[0m2021.07.18 22:02:18 INFO  no build target: using presentation compiler with only scala-library: 2.12.14[0m
[0m2021.07.18 22:02:20 INFO  time: code lens generation in 1.96s[0m
[0m2021.07.18 22:02:20 INFO  time: code lens generation in 2.86s[0m
[0m2021.07.18 22:02:20 INFO  time: code lens generation in 3.84s[0m
[0m2021.07.18 22:03:00 WARN  no build target for: F:\UCSC\LECTURES\2 year\SCS2204 Functional Programming\Recurtion assiment\q-05\src\main\scala\Main.scala[0m
Jul 18, 2021 10:03:05 PM scala.meta.internal.pc.CompletionProvider expected$1
WARNING: String index out of range: -1
[0m2021.07.18 22:03:48 WARN  no build target for: F:\UCSC\LECTURES\2 year\SCS2204 Functional Programming\Recurtion assiment\q-05\src\main\scala\Main.scala[0m
[0m2021.07.18 22:06:08 INFO  shutting down Metals[0m
[0m2021.07.18 22:06:09 ERROR Unexpected error initializing server
org.eclipse.lsp4j.jsonrpc.ResponseErrorException: Request window/showMessageRequest failed with message: Canceled
	at org.eclipse.lsp4j.jsonrpc.RemoteEndpoint.handleResponse(RemoteEndpoint.java:209)
	at org.eclipse.lsp4j.jsonrpc.RemoteEndpoint.consume(RemoteEndpoint.java:193)
	at org.eclipse.lsp4j.jsonrpc.json.StreamMessageProducer.handleMessage(StreamMessageProducer.java:194)
	at org.eclipse.lsp4j.jsonrpc.json.StreamMessageProducer.listen(StreamMessageProducer.java:94)
	at org.eclipse.lsp4j.jsonrpc.json.ConcurrentMessageProcessor.run(ConcurrentMessageProcessor.java:113)
	at java.util.concurrent.Executors$RunnableAdapter.call(Executors.java:511)
	at java.util.concurrent.FutureTask.run(FutureTask.java:266)
	at java.util.concurrent.ThreadPoolExecutor.runWorker(ThreadPoolExecutor.java:1149)
	at java.util.concurrent.ThreadPoolExecutor$Worker.run(ThreadPoolExecutor.java:624)
	at java.lang.Thread.run(Thread.java:748)
[0m
