[0m[[0m[0mdebug[0m] [0m[0m> Exec(;Test/compile; collectAnalyses, None, Some(CommandSource(network-1)))[0m
[0m[[0m[0mdebug[0m] [0m[0munmatched Processing event for requestId None: None[0m
[0m[[0m[0mdebug[0m] [0m[0munmatched Done event for requestId None: None[0m
[0m[[0m[0mdebug[0m] [0m[0m> Exec(Test/compile, None, Some(CommandSource(network-1)))[0m
[0m[[0m[0mdebug[0m] [0m[0munmatched Processing event for requestId None: None[0m
[0m[[0m[0mdebug[0m] [0m[0mEvaluating tasks: Test / compile[0m
[0m[[0m[0mdebug[0m] [0m[0mRunning task... Cancel: Signal, check cycles: false, forcegc: true[0m
[0m[[0m[0mdebug[0m] [0m[0mjsonRpcNotify: JsonRpcNotificationMessage(2.0, build/taskStart, {"taskId":{"id":"4","parents":[]},"eventTime":1626625801897,"message":"Compiling q-04","dataKind":"compile-task","data":{"target":{"uri":"file:/F:/UCSC/LECTURES/2%20year/SCS2204%20Functional%20Programming/Recurtion%20assiment/q-04/#q-04/Compile"}}})[0m
[0m[[0m[0minfo[0m] [0m[0mcompiling 1 Scala source to F:\UCSC\LECTURES\2 year\SCS2204 Functional Programming\Recurtion assiment\q-04\target\scala-2.13\classes ...[0m
[0m[[0m[0mdebug[0m] [0m[0mjsonRpcNotify: JsonRpcNotificationMessage(2.0, build/logMessage, {"type":3,"message":"compiling 1 Scala source to F:\\UCSC\\LECTURES\\2 year\\SCS2204 Functional Programming\\Recurtion assiment\\q-04\\target\\scala-2.13\\classes ..."})[0m
[0m[[0m[0mdebug[0m] [0m[0mjsonRpcNotify: JsonRpcNotificationMessage(2.0, build/publishDiagnostics, {"textDocument":{"uri":"file:///F:/UCSC/LECTURES/2%20year/SCS2204%20Functional%20Programming/Recurtion%20assiment/q-04/src/main/scala/Main.scala"},"buildTarget":{"uri":"file:/F:/UCSC/LECTURES/2%20year/SCS2204%20Functional%20Programming/Recurtion%20assiment/q-04/#q-04/Compile"},"diagnostics":[],"reset":true})[0m
[0m[[0m[0mdebug[0m] [0m[0mjsonRpcNotify: JsonRpcNotificationMessage(2.0, build/taskFinish, {"taskId":{"id":"4","parents":[]},"eventTime":1626625803109,"message":"Compiled q-04","status":1,"dataKind":"compile-report","data":{"target":{"uri":"file:/F:/UCSC/LECTURES/2%20year/SCS2204%20Functional%20Programming/Recurtion%20assiment/q-04/#q-04/Compile"},"errors":0,"warnings":0,"time":1212}})[0m
[0m[[0m[0mdebug[0m] [0m[0mjsonRpcNotify: JsonRpcNotificationMessage(2.0, build/taskStart, {"taskId":{"id":"5","parents":[]},"eventTime":1626625803367,"message":"Compiling q-04-test","dataKind":"compile-task","data":{"target":{"uri":"file:/F:/UCSC/LECTURES/2%20year/SCS2204%20Functional%20Programming/Recurtion%20assiment/q-04/#q-04/Test"}}})[0m
[0m[[0m[0mdebug[0m] [0m[0mjsonRpcNotify: JsonRpcNotificationMessage(2.0, build/taskFinish, {"taskId":{"id":"5","parents":[]},"eventTime":1626625803375,"message":"Compiled q-04-test","status":1,"dataKind":"compile-report","data":{"target":{"uri":"file:/F:/UCSC/LECTURES/2%20year/SCS2204%20Functional%20Programming/Recurtion%20assiment/q-04/#q-04/Test"},"errors":0,"warnings":0,"time":8}})[0m
[0m[[0m[32msuccess[0m] [0m[0mTotal time: 2 s, completed Jul 18, 2021 10:00:03 PM[0m
[0m[[0m[0mdebug[0m] [0m[0munmatched Done event for requestId None: None[0m
[0m[[0m[0mdebug[0m] [0m[0m> Exec(collectAnalyses, None, Some(CommandSource(network-1)))[0m
[0m[[0m[0mdebug[0m] [0m[0munmatched Processing event for requestId None: None[0m
[0m[[0m[0mdebug[0m] [0m[0mEvaluating tasks: Compile / collectAnalyses[0m
[0m[[0m[0mdebug[0m] [0m[0mRunning task... Cancel: Signal, check cycles: false, forcegc: true[0m
[0m[[0m[0mdebug[0m] [0m[0manalysis location (F:\UCSC\LECTURES\2 year\SCS2204 Functional Programming\Recurtion assiment\q-04\target\scala-2.13\zinc\inc_compile_2.13.zip,true)[0m
[0m[[0m[32msuccess[0m] [0m[0mTotal time: 0 s, completed Jul 18, 2021 10:00:03 PM[0m
[0m[[0m[0mdebug[0m] [0m[0munmatched Done event for requestId None: None[0m
[0m[[0m[0mdebug[0m] [0m[0m> Exec(shell, None, None)[0m
